<?xml version="1.0" encoding="UTF-8"?>
<!-- Generated by org.testng.reporters.JUnitReportReporter -->
<testsuite hostname="Karthik-PC" name="jenbatch.JenBatch" tests="1" failures="0" timestamp="15 Mar 2016 21:14:14 GMT" time="0.023" errors="0">
  <testcase name="f" time="0.023" classname="jenbatch.JenBatch"/>
</testsuite> <!-- jenbatch.JenBatch -->
